Release 14.4 Map P.49d (lin64)
Xilinx Mapping Report File for Design 'top_level'

Design Information
------------------
Command Line   : map -intstyle ise -p xc6vlx240t-ff1156-1 -w -logic_opt off -ol
high -t 1 -xt 0 -register_duplication off -r 4 -global_opt off -mt off -ir off
-pr off -lc off -power off -o top_level_map.ncd top_level.ngd top_level.pcf 
Target Device  : xc6vlx240t
Target Package : ff1156
Target Speed   : -1
Mapper Version : virtex6 -- $Revision: 1.55 $
Mapped Date    : Sat Jul  6 12:15:45 2013

Design Summary
--------------
Number of errors:      0
Number of warnings:    0
Slice Logic Utilization:
  Number of Slice Registers:                 2,953 out of 301,440    1%
    Number used as Flip Flops:               2,943
    Number used as Latches:                      0
    Number used as Latch-thrus:                  0
    Number used as AND/OR logics:               10
  Number of Slice LUTs:                      1,708 out of 150,720    1%
    Number used as logic:                    1,488 out of 150,720    1%
      Number using O6 output only:             714
      Number using O5 output only:             134
      Number using O5 and O6:                  640
      Number used as ROM:                        0
    Number used as Memory:                      18 out of  58,400    1%
      Number used as Dual Port RAM:              0
      Number used as Single Port RAM:            0
      Number used as Shift Register:            18
        Number using O6 output only:            18
        Number using O5 output only:             0
        Number using O5 and O6:                  0
    Number used exclusively as route-thrus:    202
      Number with same-slice register load:    197
      Number with same-slice carry load:         5
      Number with other load:                    0

Slice Logic Distribution:
  Number of occupied Slices:                   827 out of  37,680    2%
  Number of LUT Flip Flop pairs used:        2,463
    Number with an unused Flip Flop:           263 out of   2,463   10%
    Number with an unused LUT:                 755 out of   2,463   30%
    Number of fully used LUT-FF pairs:       1,445 out of   2,463   58%
    Number of unique control sets:              46
    Number of slice register sites lost
      to control set restrictions:              79 out of 301,440    1%

  A LUT Flip Flop pair for this architecture represents one LUT paired with
  one Flip Flop within a slice.  A control set is a unique combination of
  clock, reset, set, and enable signals for a registered element.
  The Slice Logic Distribution report is not meaningful if the design is
  over-mapped for a non-slice resource or if Placement fails.
  OVERMAPPING of BRAM resources should be ignored if the design is
  over-mapped for a non-BRAM resource or if placement fails.

IO Utilization:
  Number of bonded IOBs:                       200 out of     600   33%

Specific Feature Utilization:
  Number of RAMB36E1/FIFO36E1s:                  0 out of     416    0%
  Number of RAMB18E1/FIFO18E1s:                  0 out of     832    0%
  Number of BUFG/BUFGCTRLs:                      1 out of      32    3%
    Number used as BUFGs:                        1
    Number used as BUFGCTRLs:                    0
  Number of ILOGICE1/ISERDESE1s:                 0 out of     720    0%
  Number of OLOGICE1/OSERDESE1s:                 0 out of     720    0%
  Number of BSCANs:                              0 out of       4    0%
  Number of BUFHCEs:                             0 out of     144    0%
  Number of BUFIODQSs:                           0 out of      72    0%
  Number of BUFRs:                               0 out of      36    0%
  Number of CAPTUREs:                            0 out of       1    0%
  Number of DSP48E1s:                           12 out of     768    1%
  Number of EFUSE_USRs:                          0 out of       1    0%
  Number of FRAME_ECCs:                          0 out of       1    0%
  Number of GTXE1s:                              0 out of      20    0%
  Number of IBUFDS_GTXE1s:                       0 out of      12    0%
  Number of ICAPs:                               0 out of       2    0%
  Number of IDELAYCTRLs:                         0 out of      18    0%
  Number of IODELAYE1s:                          0 out of     720    0%
  Number of MMCM_ADVs:                           0 out of      12    0%
  Number of PCIE_2_0s:                           0 out of       2    0%
  Number of STARTUPs:                            1 out of       1  100%
  Number of SYSMONs:                             0 out of       1    0%
  Number of TEMAC_SINGLEs:                       0 out of       4    0%

Average Fanout of Non-Clock Nets:                2.73

Peak Memory Usage:  1178 MB
Total REAL time to MAP completion:  1 mins 33 secs 
Total CPU time to MAP completion:   1 mins 33 secs 

Table of Contents
-----------------
Section 1 - Errors
Section 2 - Warnings
Section 3 - Informational
Section 4 - Removed Logic Summary
Section 5 - Removed Logic
Section 6 - IOB Properties
Section 7 - RPMs
Section 8 - Guide Report
Section 9 - Area Group and Partition Summary
Section 10 - Timing Report
Section 11 - Configuration String Information
Section 12 - Control Set Information
Section 13 - Utilization by Hierarchy

Section 1 - Errors
------------------

Section 2 - Warnings
--------------------
WARNING:Security:43 - No license file was found in the standard Xilinx license
directory.
WARNING:Security:44 - Since no license file was found,
WARNING:Security:42 - Your software subscription period has lapsed. Your current
version of Xilinx tools will continue to function, but you no longer qualify for
Xilinx software updates or new releases.

Section 3 - Informational
-------------------------
INFO:Security:50 - The XILINXD_LICENSE_FILE environment variable is set to
'1770@sambuka.zmk.uni-kl.de:1775@koa.zmk.uni-kl.de'.
INFO:Security:53 - The LM_LICENSE_FILE environment variable is not set.
INFO:Security:56 - Part 'xc6vlx240t' is not a WebPack part.
INFO:MapLib:562 - No environment variables are currently set.
INFO:LIT:244 - All of the single ended outputs in this design are using slew
   rate limited output drivers. The delay on speed critical single ended outputs
   can be dramatically reduced by designating them as fast outputs.
INFO:Pack:1716 - Initializing temperature to 85.000 Celsius. (default - Range:
   0.000 to 85.000 Celsius)
INFO:Pack:1720 - Initializing voltage to 0.950 Volts. (default - Range: 0.950 to
   1.050 Volts)
INFO:Map:215 - The Interim Design Summary has been generated in the MAP Report
   (.mrp).
INFO:Pack:1650 - Map created a placed design.

Section 4 - Removed Logic Summary
---------------------------------
   2 block(s) optimized away

Section 5 - Removed Logic
-------------------------

Optimized Block(s):
TYPE 		BLOCK
GND 		XST_GND
VCC 		XST_VCC

To enable printing of redundant blocks removed and signals merged, set the
detailed map report option and rerun map.

Section 6 - IOB Properties
--------------------------

+---------------------------------------------------------------------------------------------------------------------------------------------------------+
| IOB Name                           | Type             | Direction | IO Standard          | Diff  | Drive    | Slew | Reg (s)      | Resistor | IOB      |
|                                    |                  |           |                      | Term  | Strength | Rate |              |          | Delay    |
+---------------------------------------------------------------------------------------------------------------------------------------------------------+
| aclk                               | IOB              | INPUT     | LVCMOS25             |       |          |      |              |          |          |
| aresetn                            | IOB              | INPUT     | LVCMOS25             |       |          |      |              |          |          |
| m_axis_output_tdata<0>             | IOB              | OUTPUT    | LVCMOS25             |       | 12       | SLOW |              |          |          |
| m_axis_output_tdata<1>             | IOB              | OUTPUT    | LVCMOS25             |       | 12       | SLOW |              |          |          |
| m_axis_output_tdata<2>             | IOB              | OUTPUT    | LVCMOS25             |       | 12       | SLOW |              |          |          |
| m_axis_output_tdata<3>             | IOB              | OUTPUT    | LVCMOS25             |       | 12       | SLOW |              |          |          |
| m_axis_output_tdata<4>             | IOB              | OUTPUT    | LVCMOS25             |       | 12       | SLOW |              |          |          |
| m_axis_output_tdata<5>             | IOB              | OUTPUT    | LVCMOS25             |       | 12       | SLOW |              |          |          |
| m_axis_output_tdata<6>             | IOB              | OUTPUT    | LVCMOS25             |       | 12       | SLOW |              |          |          |
| m_axis_output_tdata<7>             | IOB              | OUTPUT    | LVCMOS25             |       | 12       | SLOW |              |          |          |
| m_axis_output_tdata<8>             | IOB              | OUTPUT    | LVCMOS25             |       | 12       | SLOW |              |          |          |
| m_axis_output_tdata<9>             | IOB              | OUTPUT    | LVCMOS25             |       | 12       | SLOW |              |          |          |
| m_axis_output_tdata<10>            | IOB              | OUTPUT    | LVCMOS25             |       | 12       | SLOW |              |          |          |
| m_axis_output_tdata<11>            | IOB              | OUTPUT    | LVCMOS25             |       | 12       | SLOW |              |          |          |
| m_axis_output_tdata<12>            | IOB              | OUTPUT    | LVCMOS25             |       | 12       | SLOW |              |          |          |
| m_axis_output_tdata<13>            | IOB              | OUTPUT    | LVCMOS25             |       | 12       | SLOW |              |          |          |
| m_axis_output_tdata<14>            | IOB              | OUTPUT    | LVCMOS25             |       | 12       | SLOW |              |          |          |
| m_axis_output_tdata<15>            | IOB              | OUTPUT    | LVCMOS25             |       | 12       | SLOW |              |          |          |
| m_axis_output_tdata<16>            | IOB              | OUTPUT    | LVCMOS25             |       | 12       | SLOW |              |          |          |
| m_axis_output_tdata<17>            | IOB              | OUTPUT    | LVCMOS25             |       | 12       | SLOW |              |          |          |
| m_axis_output_tdata<18>            | IOB              | OUTPUT    | LVCMOS25             |       | 12       | SLOW |              |          |          |
| m_axis_output_tdata<19>            | IOB              | OUTPUT    | LVCMOS25             |       | 12       | SLOW |              |          |          |
| m_axis_output_tdata<20>            | IOB              | OUTPUT    | LVCMOS25             |       | 12       | SLOW |              |          |          |
| m_axis_output_tdata<21>            | IOB              | OUTPUT    | LVCMOS25             |       | 12       | SLOW |              |          |          |
| m_axis_output_tdata<22>            | IOB              | OUTPUT    | LVCMOS25             |       | 12       | SLOW |              |          |          |
| m_axis_output_tdata<23>            | IOB              | OUTPUT    | LVCMOS25             |       | 12       | SLOW |              |          |          |
| m_axis_output_tdata<24>            | IOB              | OUTPUT    | LVCMOS25             |       | 12       | SLOW |              |          |          |
| m_axis_output_tdata<25>            | IOB              | OUTPUT    | LVCMOS25             |       | 12       | SLOW |              |          |          |
| m_axis_output_tdata<26>            | IOB              | OUTPUT    | LVCMOS25             |       | 12       | SLOW |              |          |          |
| m_axis_output_tdata<27>            | IOB              | OUTPUT    | LVCMOS25             |       | 12       | SLOW |              |          |          |
| m_axis_output_tdata<28>            | IOB              | OUTPUT    | LVCMOS25             |       | 12       | SLOW |              |          |          |
| m_axis_output_tdata<29>            | IOB              | OUTPUT    | LVCMOS25             |       | 12       | SLOW |              |          |          |
| m_axis_output_tdata<30>            | IOB              | OUTPUT    | LVCMOS25             |       | 12       | SLOW |              |          |          |
| m_axis_output_tdata<31>            | IOB              | OUTPUT    | LVCMOS25             |       | 12       | SLOW |              |          |          |
| m_axis_output_tdata<32>            | IOB              | OUTPUT    | LVCMOS25             |       | 12       | SLOW |              |          |          |
| m_axis_output_tdata<33>            | IOB              | OUTPUT    | LVCMOS25             |       | 12       | SLOW |              |          |          |
| m_axis_output_tdata<34>            | IOB              | OUTPUT    | LVCMOS25             |       | 12       | SLOW |              |          |          |
| m_axis_output_tdata<35>            | IOB              | OUTPUT    | LVCMOS25             |       | 12       | SLOW |              |          |          |
| m_axis_output_tdata<36>            | IOB              | OUTPUT    | LVCMOS25             |       | 12       | SLOW |              |          |          |
| m_axis_output_tdata<37>            | IOB              | OUTPUT    | LVCMOS25             |       | 12       | SLOW |              |          |          |
| m_axis_output_tdata<38>            | IOB              | OUTPUT    | LVCMOS25             |       | 12       | SLOW |              |          |          |
| m_axis_output_tdata<39>            | IOB              | OUTPUT    | LVCMOS25             |       | 12       | SLOW |              |          |          |
| m_axis_output_tdata<40>            | IOB              | OUTPUT    | LVCMOS25             |       | 12       | SLOW |              |          |          |
| m_axis_output_tdata<41>            | IOB              | OUTPUT    | LVCMOS25             |       | 12       | SLOW |              |          |          |
| m_axis_output_tdata<42>            | IOB              | OUTPUT    | LVCMOS25             |       | 12       | SLOW |              |          |          |
| m_axis_output_tdata<43>            | IOB              | OUTPUT    | LVCMOS25             |       | 12       | SLOW |              |          |          |
| m_axis_output_tdata<44>            | IOB              | OUTPUT    | LVCMOS25             |       | 12       | SLOW |              |          |          |
| m_axis_output_tdata<45>            | IOB              | OUTPUT    | LVCMOS25             |       | 12       | SLOW |              |          |          |
| m_axis_output_tdata<46>            | IOB              | OUTPUT    | LVCMOS25             |       | 12       | SLOW |              |          |          |
| m_axis_output_tdata<47>            | IOB              | OUTPUT    | LVCMOS25             |       | 12       | SLOW |              |          |          |
| m_axis_output_tdata<48>            | IOB              | OUTPUT    | LVCMOS25             |       | 12       | SLOW |              |          |          |
| m_axis_output_tdata<49>            | IOB              | OUTPUT    | LVCMOS25             |       | 12       | SLOW |              |          |          |
| m_axis_output_tdata<50>            | IOB              | OUTPUT    | LVCMOS25             |       | 12       | SLOW |              |          |          |
| m_axis_output_tdata<51>            | IOB              | OUTPUT    | LVCMOS25             |       | 12       | SLOW |              |          |          |
| m_axis_output_tdata<52>            | IOB              | OUTPUT    | LVCMOS25             |       | 12       | SLOW |              |          |          |
| m_axis_output_tdata<53>            | IOB              | OUTPUT    | LVCMOS25             |       | 12       | SLOW |              |          |          |
| m_axis_output_tdata<54>            | IOB              | OUTPUT    | LVCMOS25             |       | 12       | SLOW |              |          |          |
| m_axis_output_tdata<55>            | IOB              | OUTPUT    | LVCMOS25             |       | 12       | SLOW |              |          |          |
| m_axis_output_tdata<56>            | IOB              | OUTPUT    | LVCMOS25             |       | 12       | SLOW |              |          |          |
| m_axis_output_tdata<57>            | IOB              | OUTPUT    | LVCMOS25             |       | 12       | SLOW |              |          |          |
| m_axis_output_tdata<58>            | IOB              | OUTPUT    | LVCMOS25             |       | 12       | SLOW |              |          |          |
| m_axis_output_tdata<59>            | IOB              | OUTPUT    | LVCMOS25             |       | 12       | SLOW |              |          |          |
| m_axis_output_tdata<60>            | IOB              | OUTPUT    | LVCMOS25             |       | 12       | SLOW |              |          |          |
| m_axis_output_tdata<61>            | IOB              | OUTPUT    | LVCMOS25             |       | 12       | SLOW |              |          |          |
| m_axis_output_tdata<62>            | IOB              | OUTPUT    | LVCMOS25             |       | 12       | SLOW |              |          |          |
| m_axis_output_tdata<63>            | IOB              | OUTPUT    | LVCMOS25             |       | 12       | SLOW |              |          |          |
| m_axis_output_tready               | IOB              | INPUT     | LVCMOS25             |       |          |      |              |          |          |
| m_axis_output_tvalid               | IOB              | OUTPUT    | LVCMOS25             |       | 12       | SLOW |              |          |          |
| s_axis_input_tdata1<0>             | IOB              | INPUT     | LVCMOS25             |       |          |      |              |          |          |
| s_axis_input_tdata1<1>             | IOB              | INPUT     | LVCMOS25             |       |          |      |              |          |          |
| s_axis_input_tdata1<2>             | IOB              | INPUT     | LVCMOS25             |       |          |      |              |          |          |
| s_axis_input_tdata1<3>             | IOB              | INPUT     | LVCMOS25             |       |          |      |              |          |          |
| s_axis_input_tdata1<4>             | IOB              | INPUT     | LVCMOS25             |       |          |      |              |          |          |
| s_axis_input_tdata1<5>             | IOB              | INPUT     | LVCMOS25             |       |          |      |              |          |          |
| s_axis_input_tdata1<6>             | IOB              | INPUT     | LVCMOS25             |       |          |      |              |          |          |
| s_axis_input_tdata1<7>             | IOB              | INPUT     | LVCMOS25             |       |          |      |              |          |          |
| s_axis_input_tdata1<8>             | IOB              | INPUT     | LVCMOS25             |       |          |      |              |          |          |
| s_axis_input_tdata1<9>             | IOB              | INPUT     | LVCMOS25             |       |          |      |              |          |          |
| s_axis_input_tdata1<10>            | IOB              | INPUT     | LVCMOS25             |       |          |      |              |          |          |
| s_axis_input_tdata1<11>            | IOB              | INPUT     | LVCMOS25             |       |          |      |              |          |          |
| s_axis_input_tdata1<12>            | IOB              | INPUT     | LVCMOS25             |       |          |      |              |          |          |
| s_axis_input_tdata1<13>            | IOB              | INPUT     | LVCMOS25             |       |          |      |              |          |          |
| s_axis_input_tdata1<14>            | IOB              | INPUT     | LVCMOS25             |       |          |      |              |          |          |
| s_axis_input_tdata1<15>            | IOB              | INPUT     | LVCMOS25             |       |          |      |              |          |          |
| s_axis_input_tdata1<16>            | IOB              | INPUT     | LVCMOS25             |       |          |      |              |          |          |
| s_axis_input_tdata1<17>            | IOB              | INPUT     | LVCMOS25             |       |          |      |              |          |          |
| s_axis_input_tdata1<18>            | IOB              | INPUT     | LVCMOS25             |       |          |      |              |          |          |
| s_axis_input_tdata1<19>            | IOB              | INPUT     | LVCMOS25             |       |          |      |              |          |          |
| s_axis_input_tdata1<20>            | IOB              | INPUT     | LVCMOS25             |       |          |      |              |          |          |
| s_axis_input_tdata1<21>            | IOB              | INPUT     | LVCMOS25             |       |          |      |              |          |          |
| s_axis_input_tdata1<22>            | IOB              | INPUT     | LVCMOS25             |       |          |      |              |          |          |
| s_axis_input_tdata1<23>            | IOB              | INPUT     | LVCMOS25             |       |          |      |              |          |          |
| s_axis_input_tdata1<24>            | IOB              | INPUT     | LVCMOS25             |       |          |      |              |          |          |
| s_axis_input_tdata1<25>            | IOB              | INPUT     | LVCMOS25             |       |          |      |              |          |          |
| s_axis_input_tdata1<26>            | IOB              | INPUT     | LVCMOS25             |       |          |      |              |          |          |
| s_axis_input_tdata1<27>            | IOB              | INPUT     | LVCMOS25             |       |          |      |              |          |          |
| s_axis_input_tdata1<28>            | IOB              | INPUT     | LVCMOS25             |       |          |      |              |          |          |
| s_axis_input_tdata1<29>            | IOB              | INPUT     | LVCMOS25             |       |          |      |              |          |          |
| s_axis_input_tdata1<30>            | IOB              | INPUT     | LVCMOS25             |       |          |      |              |          |          |
| s_axis_input_tdata1<31>            | IOB              | INPUT     | LVCMOS25             |       |          |      |              |          |          |
| s_axis_input_tdata1<32>            | IOB              | INPUT     | LVCMOS25             |       |          |      |              |          |          |
| s_axis_input_tdata1<33>            | IOB              | INPUT     | LVCMOS25             |       |          |      |              |          |          |
| s_axis_input_tdata1<34>            | IOB              | INPUT     | LVCMOS25             |       |          |      |              |          |          |
| s_axis_input_tdata1<35>            | IOB              | INPUT     | LVCMOS25             |       |          |      |              |          |          |
| s_axis_input_tdata1<36>            | IOB              | INPUT     | LVCMOS25             |       |          |      |              |          |          |
| s_axis_input_tdata1<37>            | IOB              | INPUT     | LVCMOS25             |       |          |      |              |          |          |
| s_axis_input_tdata1<38>            | IOB              | INPUT     | LVCMOS25             |       |          |      |              |          |          |
| s_axis_input_tdata1<39>            | IOB              | INPUT     | LVCMOS25             |       |          |      |              |          |          |
| s_axis_input_tdata1<40>            | IOB              | INPUT     | LVCMOS25             |       |          |      |              |          |          |
| s_axis_input_tdata1<41>            | IOB              | INPUT     | LVCMOS25             |       |          |      |              |          |          |
| s_axis_input_tdata1<42>            | IOB              | INPUT     | LVCMOS25             |       |          |      |              |          |          |
| s_axis_input_tdata1<43>            | IOB              | INPUT     | LVCMOS25             |       |          |      |              |          |          |
| s_axis_input_tdata1<44>            | IOB              | INPUT     | LVCMOS25             |       |          |      |              |          |          |
| s_axis_input_tdata1<45>            | IOB              | INPUT     | LVCMOS25             |       |          |      |              |          |          |
| s_axis_input_tdata1<46>            | IOB              | INPUT     | LVCMOS25             |       |          |      |              |          |          |
| s_axis_input_tdata1<47>            | IOB              | INPUT     | LVCMOS25             |       |          |      |              |          |          |
| s_axis_input_tdata1<48>            | IOB              | INPUT     | LVCMOS25             |       |          |      |              |          |          |
| s_axis_input_tdata1<49>            | IOB              | INPUT     | LVCMOS25             |       |          |      |              |          |          |
| s_axis_input_tdata1<50>            | IOB              | INPUT     | LVCMOS25             |       |          |      |              |          |          |
| s_axis_input_tdata1<51>            | IOB              | INPUT     | LVCMOS25             |       |          |      |              |          |          |
| s_axis_input_tdata1<52>            | IOB              | INPUT     | LVCMOS25             |       |          |      |              |          |          |
| s_axis_input_tdata1<53>            | IOB              | INPUT     | LVCMOS25             |       |          |      |              |          |          |
| s_axis_input_tdata1<54>            | IOB              | INPUT     | LVCMOS25             |       |          |      |              |          |          |
| s_axis_input_tdata1<55>            | IOB              | INPUT     | LVCMOS25             |       |          |      |              |          |          |
| s_axis_input_tdata1<56>            | IOB              | INPUT     | LVCMOS25             |       |          |      |              |          |          |
| s_axis_input_tdata1<57>            | IOB              | INPUT     | LVCMOS25             |       |          |      |              |          |          |
| s_axis_input_tdata1<58>            | IOB              | INPUT     | LVCMOS25             |       |          |      |              |          |          |
| s_axis_input_tdata1<59>            | IOB              | INPUT     | LVCMOS25             |       |          |      |              |          |          |
| s_axis_input_tdata1<60>            | IOB              | INPUT     | LVCMOS25             |       |          |      |              |          |          |
| s_axis_input_tdata1<61>            | IOB              | INPUT     | LVCMOS25             |       |          |      |              |          |          |
| s_axis_input_tdata1<62>            | IOB              | INPUT     | LVCMOS25             |       |          |      |              |          |          |
| s_axis_input_tdata1<63>            | IOB              | INPUT     | LVCMOS25             |       |          |      |              |          |          |
| s_axis_input_tdata2<0>             | IOB              | INPUT     | LVCMOS25             |       |          |      |              |          |          |
| s_axis_input_tdata2<1>             | IOB              | INPUT     | LVCMOS25             |       |          |      |              |          |          |
| s_axis_input_tdata2<2>             | IOB              | INPUT     | LVCMOS25             |       |          |      |              |          |          |
| s_axis_input_tdata2<3>             | IOB              | INPUT     | LVCMOS25             |       |          |      |              |          |          |
| s_axis_input_tdata2<4>             | IOB              | INPUT     | LVCMOS25             |       |          |      |              |          |          |
| s_axis_input_tdata2<5>             | IOB              | INPUT     | LVCMOS25             |       |          |      |              |          |          |
| s_axis_input_tdata2<6>             | IOB              | INPUT     | LVCMOS25             |       |          |      |              |          |          |
| s_axis_input_tdata2<7>             | IOB              | INPUT     | LVCMOS25             |       |          |      |              |          |          |
| s_axis_input_tdata2<8>             | IOB              | INPUT     | LVCMOS25             |       |          |      |              |          |          |
| s_axis_input_tdata2<9>             | IOB              | INPUT     | LVCMOS25             |       |          |      |              |          |          |
| s_axis_input_tdata2<10>            | IOB              | INPUT     | LVCMOS25             |       |          |      |              |          |          |
| s_axis_input_tdata2<11>            | IOB              | INPUT     | LVCMOS25             |       |          |      |              |          |          |
| s_axis_input_tdata2<12>            | IOB              | INPUT     | LVCMOS25             |       |          |      |              |          |          |
| s_axis_input_tdata2<13>            | IOB              | INPUT     | LVCMOS25             |       |          |      |              |          |          |
| s_axis_input_tdata2<14>            | IOB              | INPUT     | LVCMOS25             |       |          |      |              |          |          |
| s_axis_input_tdata2<15>            | IOB              | INPUT     | LVCMOS25             |       |          |      |              |          |          |
| s_axis_input_tdata2<16>            | IOB              | INPUT     | LVCMOS25             |       |          |      |              |          |          |
| s_axis_input_tdata2<17>            | IOB              | INPUT     | LVCMOS25             |       |          |      |              |          |          |
| s_axis_input_tdata2<18>            | IOB              | INPUT     | LVCMOS25             |       |          |      |              |          |          |
| s_axis_input_tdata2<19>            | IOB              | INPUT     | LVCMOS25             |       |          |      |              |          |          |
| s_axis_input_tdata2<20>            | IOB              | INPUT     | LVCMOS25             |       |          |      |              |          |          |
| s_axis_input_tdata2<21>            | IOB              | INPUT     | LVCMOS25             |       |          |      |              |          |          |
| s_axis_input_tdata2<22>            | IOB              | INPUT     | LVCMOS25             |       |          |      |              |          |          |
| s_axis_input_tdata2<23>            | IOB              | INPUT     | LVCMOS25             |       |          |      |              |          |          |
| s_axis_input_tdata2<24>            | IOB              | INPUT     | LVCMOS25             |       |          |      |              |          |          |
| s_axis_input_tdata2<25>            | IOB              | INPUT     | LVCMOS25             |       |          |      |              |          |          |
| s_axis_input_tdata2<26>            | IOB              | INPUT     | LVCMOS25             |       |          |      |              |          |          |
| s_axis_input_tdata2<27>            | IOB              | INPUT     | LVCMOS25             |       |          |      |              |          |          |
| s_axis_input_tdata2<28>            | IOB              | INPUT     | LVCMOS25             |       |          |      |              |          |          |
| s_axis_input_tdata2<29>            | IOB              | INPUT     | LVCMOS25             |       |          |      |              |          |          |
| s_axis_input_tdata2<30>            | IOB              | INPUT     | LVCMOS25             |       |          |      |              |          |          |
| s_axis_input_tdata2<31>            | IOB              | INPUT     | LVCMOS25             |       |          |      |              |          |          |
| s_axis_input_tdata2<32>            | IOB              | INPUT     | LVCMOS25             |       |          |      |              |          |          |
| s_axis_input_tdata2<33>            | IOB              | INPUT     | LVCMOS25             |       |          |      |              |          |          |
| s_axis_input_tdata2<34>            | IOB              | INPUT     | LVCMOS25             |       |          |      |              |          |          |
| s_axis_input_tdata2<35>            | IOB              | INPUT     | LVCMOS25             |       |          |      |              |          |          |
| s_axis_input_tdata2<36>            | IOB              | INPUT     | LVCMOS25             |       |          |      |              |          |          |
| s_axis_input_tdata2<37>            | IOB              | INPUT     | LVCMOS25             |       |          |      |              |          |          |
| s_axis_input_tdata2<38>            | IOB              | INPUT     | LVCMOS25             |       |          |      |              |          |          |
| s_axis_input_tdata2<39>            | IOB              | INPUT     | LVCMOS25             |       |          |      |              |          |          |
| s_axis_input_tdata2<40>            | IOB              | INPUT     | LVCMOS25             |       |          |      |              |          |          |
| s_axis_input_tdata2<41>            | IOB              | INPUT     | LVCMOS25             |       |          |      |              |          |          |
| s_axis_input_tdata2<42>            | IOB              | INPUT     | LVCMOS25             |       |          |      |              |          |          |
| s_axis_input_tdata2<43>            | IOB              | INPUT     | LVCMOS25             |       |          |      |              |          |          |
| s_axis_input_tdata2<44>            | IOB              | INPUT     | LVCMOS25             |       |          |      |              |          |          |
| s_axis_input_tdata2<45>            | IOB              | INPUT     | LVCMOS25             |       |          |      |              |          |          |
| s_axis_input_tdata2<46>            | IOB              | INPUT     | LVCMOS25             |       |          |      |              |          |          |
| s_axis_input_tdata2<47>            | IOB              | INPUT     | LVCMOS25             |       |          |      |              |          |          |
| s_axis_input_tdata2<48>            | IOB              | INPUT     | LVCMOS25             |       |          |      |              |          |          |
| s_axis_input_tdata2<49>            | IOB              | INPUT     | LVCMOS25             |       |          |      |              |          |          |
| s_axis_input_tdata2<50>            | IOB              | INPUT     | LVCMOS25             |       |          |      |              |          |          |
| s_axis_input_tdata2<51>            | IOB              | INPUT     | LVCMOS25             |       |          |      |              |          |          |
| s_axis_input_tdata2<52>            | IOB              | INPUT     | LVCMOS25             |       |          |      |              |          |          |
| s_axis_input_tdata2<53>            | IOB              | INPUT     | LVCMOS25             |       |          |      |              |          |          |
| s_axis_input_tdata2<54>            | IOB              | INPUT     | LVCMOS25             |       |          |      |              |          |          |
| s_axis_input_tdata2<55>            | IOB              | INPUT     | LVCMOS25             |       |          |      |              |          |          |
| s_axis_input_tdata2<56>            | IOB              | INPUT     | LVCMOS25             |       |          |      |              |          |          |
| s_axis_input_tdata2<57>            | IOB              | INPUT     | LVCMOS25             |       |          |      |              |          |          |
| s_axis_input_tdata2<58>            | IOB              | INPUT     | LVCMOS25             |       |          |      |              |          |          |
| s_axis_input_tdata2<59>            | IOB              | INPUT     | LVCMOS25             |       |          |      |              |          |          |
| s_axis_input_tdata2<60>            | IOB              | INPUT     | LVCMOS25             |       |          |      |              |          |          |
| s_axis_input_tdata2<61>            | IOB              | INPUT     | LVCMOS25             |       |          |      |              |          |          |
| s_axis_input_tdata2<62>            | IOB              | INPUT     | LVCMOS25             |       |          |      |              |          |          |
| s_axis_input_tdata2<63>            | IOB              | INPUT     | LVCMOS25             |       |          |      |              |          |          |
| s_axis_input_tready1               | IOB              | OUTPUT    | LVCMOS25             |       | 12       | SLOW |              |          |          |
| s_axis_input_tready2               | IOB              | OUTPUT    | LVCMOS25             |       | 12       | SLOW |              |          |          |
| s_axis_input_tvalid1               | IOB              | INPUT     | LVCMOS25             |       |          |      |              |          |          |
| s_axis_input_tvalid2               | IOB              | INPUT     | LVCMOS25             |       |          |      |              |          |          |
+---------------------------------------------------------------------------------------------------------------------------------------------------------+

Section 7 - RPMs
----------------

Section 8 - Guide Report
------------------------
Guide not run on this design.

Section 9 - Area Group and Partition Summary
--------------------------------------------

Partition Implementation Status
-------------------------------

  No Partitions were found in this design.

-------------------------------

Area Group Information
----------------------

  No area groups were found in this design.

----------------------

Section 10 - Timing Report
--------------------------
A logic-level (pre-route) timing report can be generated by using Xilinx static
timing analysis tools, Timing Analyzer (GUI) or TRCE (command line), with the
mapped NCD and PCF files. Please note that this timing report will be generated
using estimated delay information. For accurate numbers, please generate a
timing report with the post Place and Route NCD file.

For more information about the Timing Analyzer, consult the Xilinx Timing
Analyzer Reference Manual; for more information about TRCE, consult the Xilinx
Command Line Tools User Guide "TRACE" chapter.

Section 11 - Configuration String Details
-----------------------------------------
Use the "-detail" map option to print out Configuration Strings

Section 12 - Control Set Information
------------------------------------
Use the "-detail" map option to print out Control Set Information.

Section 13 - Utilization by Hierarchy
-------------------------------------
Use the "-detail" map option to print out the Utilization by Hierarchy section.
