Release 14.4 - xst P.49d (lin64)
Copyright (c) 1995-2012 Xilinx, Inc.  All rights reserved.
--> 
Parameter TMPDIR set to xst/projnav.tmp


Total REAL time to Xst completion: 0.00 secs
Total CPU time to Xst completion: 0.07 secs
 
--> 
Parameter xsthdpdir set to xst


Total REAL time to Xst completion: 0.00 secs
Total CPU time to Xst completion: 0.07 secs
 
--> 
Reading design: top_level.prj

TABLE OF CONTENTS
  1) Synthesis Options Summary
  2) HDL Parsing
  3) HDL Elaboration
  4) HDL Synthesis
       4.1) HDL Synthesis Report
  5) Advanced HDL Synthesis
       5.1) Advanced HDL Synthesis Report
  6) Low Level Synthesis
  7) Partition Report
  8) Design Summary
       8.1) Primitive and Black Box Usage
       8.2) Device utilization summary
       8.3) Partition Resource Summary
       8.4) Timing Report
            8.4.1) Clock Information
            8.4.2) Asynchronous Control Signals Information
            8.4.3) Timing Summary
            8.4.4) Timing Details
            8.4.5) Cross Clock Domains Report


=========================================================================
*                      Synthesis Options Summary                        *
=========================================================================
---- Source Parameters
Input File Name                    : "top_level.prj"
Ignore Synthesis Constraint File   : NO

---- Target Parameters
Output File Name                   : "top_level"
Output Format                      : NGC
Target Device                      : xc6vlx240t-1-ff1156

---- Source Options
Top Module Name                    : top_level
Automatic FSM Extraction           : YES
FSM Encoding Algorithm             : Auto
Safe Implementation                : No
FSM Style                          : LUT
RAM Extraction                     : Yes
RAM Style                          : Auto
ROM Extraction                     : Yes
Shift Register Extraction          : YES
ROM Style                          : Auto
Resource Sharing                   : YES
Asynchronous To Synchronous        : NO
Shift Register Minimum Size        : 2
Use DSP Block                      : Auto
Automatic Register Balancing       : No

---- Target Options
LUT Combining                      : Auto
Reduce Control Sets                : Auto
Add IO Buffers                     : YES
Global Maximum Fanout              : 100000
Add Generic Clock Buffer(BUFG)     : 32
Register Duplication               : YES
Optimize Instantiated Primitives   : NO
Use Clock Enable                   : Auto
Use Synchronous Set                : Auto
Use Synchronous Reset              : Auto
Pack IO Registers into IOBs        : Auto
Equivalent register Removal        : YES

---- General Options
Optimization Goal                  : Speed
Optimization Effort                : 1
Power Reduction                    : NO
Keep Hierarchy                     : No
Netlist Hierarchy                  : As_Optimized
RTL Output                         : Yes
Global Optimization                : AllClockNets
Read Cores                         : YES
Write Timing Constraints           : NO
Cross Clock Analysis               : NO
Hierarchy Separator                : /
Bus Delimiter                      : <>
Case Specifier                     : Maintain
Slice Utilization Ratio            : 100
BRAM Utilization Ratio             : 100
DSP48 Utilization Ratio            : 100
Auto BRAM Packing                  : NO
Slice Utilization Ratio Delta      : 5

=========================================================================


=========================================================================
*                          HDL Parsing                                  *
=========================================================================
Parsing VHDL file "/net/user/r1/unix/okhaliq/Desktop/thesis_code/final code/32-bit versions/version_1/src/version_1_32_syn/pkg_global.vhd" into library work
Parsing package <pkg_global>.
Parsing package body <pkg_global>.
Parsing VHDL file "/net/user/r1/unix/okhaliq/Desktop/thesis_code/final code/32-bit versions/version_1/src/version_1_32_syn/lzc_shifter.vhd" into library work
Parsing entity <lzc_shifter>.
Parsing architecture <sim> of entity <lzc_shifter>.
Parsing VHDL file "/net/user/r1/unix/okhaliq/Desktop/thesis_code/final code/32-bit versions/version_1/src/version_1_32_syn/denorm_unit.vhd" into library work
Parsing entity <denorm_unit>.
Parsing architecture <sim> of entity <denorm_unit>.
Parsing VHDL file "/net/user/r1/unix/okhaliq/Desktop/thesis_code/final code/32-bit versions/version_1/src/version_1_32_syn/type_detect.vhd" into library work
Parsing entity <type_detect>.
Parsing architecture <SIM> of entity <type_detect>.
Parsing VHDL file "/net/user/r1/unix/okhaliq/Desktop/thesis_code/final code/32-bit versions/version_1/src/version_1_32_syn/transform_unit.vhd" into library work
Parsing entity <transform_unit>.
Parsing architecture <SIM> of entity <transform_unit>.
Parsing VHDL file "/net/user/r1/unix/okhaliq/Desktop/thesis_code/final code/32-bit versions/version_1/src/version_1_32_syn/pkg_component.vhd" into library work
Parsing package <pkg_component>.
Parsing VHDL file "/net/user/r1/unix/okhaliq/Desktop/thesis_code/final code/32-bit versions/version_1/src/version_1_32_syn/float_multiply.vhd" into library work
Parsing entity <Compressor_2_2>.
Parsing architecture <arch> of entity <compressor_2_2>.
Parsing entity <Compressor_3_2>.
Parsing architecture <arch> of entity <compressor_3_2>.
Parsing entity <IntAdder_49_f300_uid17>.
Parsing architecture <arch> of entity <intadder_49_f300_uid17>.
Parsing entity <IntMultiplier_UsingDSP_24_24_48_unsigned_uid4>.
Parsing architecture <arch> of entity <intmultiplier_usingdsp_24_24_48_unsigned_uid4>.
Parsing entity <IntAdder_33_f300_uid25>.
Parsing architecture <arch> of entity <intadder_33_f300_uid25>.
Parsing entity <float_multiply>.
Parsing architecture <arch> of entity <float_multiply>.
Parsing VHDL file "/net/user/r1/unix/okhaliq/Desktop/thesis_code/final code/32-bit versions/version_1/src/version_1_32_syn/fifo.vhd" into library work
Parsing entity <fifo>.
Parsing architecture <SIM> of entity <fifo>.
Parsing entity <valid_buffer>.
Parsing architecture <SIM> of entity <valid_buffer>.
Parsing VHDL file "/net/user/r1/unix/okhaliq/Desktop/thesis_code/final code/32-bit versions/version_1/src/version_1_32_syn/data_stall.vhd" into library work
Parsing entity <data_stall>.
Parsing architecture <sim> of entity <data_stall>.
Parsing VHDL file "/net/user/r1/unix/okhaliq/Desktop/thesis_code/final code/32-bit versions/version_1/src/version_1_32_syn/data_extend.vhd" into library work
Parsing entity <data_extend>.
Parsing architecture <SIM> of entity <data_extend>.
Parsing VHDL file "/net/user/r1/unix/okhaliq/Desktop/thesis_code/final code/32-bit versions/version_1/src/version_1_32_syn/data_downsize.vhd" into library work
Parsing entity <data_downsize>.
Parsing architecture <SIM> of entity <data_downsize>.
Parsing VHDL file "/net/user/r1/unix/okhaliq/Desktop/thesis_code/final code/32-bit versions/version_1/src/version_1_32_syn/top_level.vhd" into library work
Parsing entity <top_level>.
Parsing architecture <SIM> of entity <top_level>.

=========================================================================
*                            HDL Elaboration                            *
=========================================================================

Elaborating entity <top_level> (architecture <SIM>) from library <work>.

Elaborating entity <data_stall> (architecture <sim>) from library <work>.

Elaborating entity <type_detect> (architecture <SIM>) from library <work>.

Elaborating entity <transform_unit> (architecture <SIM>) from library <work>.

Elaborating entity <denorm_unit> (architecture <sim>) from library <work>.

Elaborating entity <lzc_shifter> (architecture <sim>) from library <work>.
WARNING:HDLCompiler:1127 - "/net/user/r1/unix/okhaliq/Desktop/thesis_code/final code/32-bit versions/version_1/src/version_1_32_syn/lzc_shifter.vhd" Line 133: Assignment to reg5 ignored, since the identifier is never used
WARNING:HDLCompiler:1127 - "/net/user/r1/unix/okhaliq/Desktop/thesis_code/final code/32-bit versions/version_1/src/version_1_32_syn/lzc_shifter.vhd" Line 171: Assignment to temp_data2 ignored, since the identifier is never used

Elaborating entity <data_extend> (architecture <SIM>) from library <work>.

Elaborating entity <fifo> (architecture <SIM>) from library <work>.

Elaborating entity <valid_buffer> (architecture <SIM>) from library <work>.

Elaborating entity <float_multiply> (architecture <arch>) from library <work>.

Elaborating entity <IntMultiplier_UsingDSP_24_24_48_unsigned_uid4> (architecture <arch>) from library <work>.

Elaborating entity <IntAdder_49_f300_uid17> (architecture <arch>) from library <work>.

Elaborating entity <IntAdder_33_f300_uid25> (architecture <arch>) from library <work>.

Elaborating entity <data_downsize> (architecture <SIM>) from library <work>.
WARNING:HDLCompiler:1127 - "/net/user/r1/unix/okhaliq/Desktop/thesis_code/final code/32-bit versions/version_1/src/version_1_32_syn/data_downsize.vhd" Line 95: Assignment to s_d1 ignored, since the identifier is never used
WARNING:HDLCompiler:1127 - "/net/user/r1/unix/okhaliq/Desktop/thesis_code/final code/32-bit versions/version_1/src/version_1_32_syn/data_downsize.vhd" Line 97: Assignment to exp_zero ignored, since the identifier is never used

=========================================================================
*                           HDL Synthesis                               *
=========================================================================

Synthesizing Unit <top_level>.
    Related source file is "/net/user/r1/unix/okhaliq/Desktop/thesis_code/final code/32-bit versions/version_1/src/version_1_32_syn/top_level.vhd".
    Summary:
	no macro.
Unit <top_level> synthesized.

Synthesizing Unit <data_stall>.
    Related source file is "/net/user/r1/unix/okhaliq/Desktop/thesis_code/final code/32-bit versions/version_1/src/version_1_32_syn/data_stall.vhd".
    Found 3-bit register for signal <stall_data>.
    Found 32-bit register for signal <d_temp1>.
    Found 32-bit register for signal <d_temp2>.
    Found 32-bit register for signal <data_out1>.
    Found 32-bit register for signal <data_out2>.
    Found 32-bit register for signal <data_out3>.
    Found 32-bit register for signal <data_out4>.
    Found finite state machine <FSM_0> for signal <stall_data>.
    -----------------------------------------------------------------------
    | States             | 6                                              |
    | Transitions        | 13                                             |
    | Inputs             | 4                                              |
    | Outputs            | 5                                              |
    | Clock              | aclk (rising_edge)                             |
    | Reset              | aresetn (negative)                             |
    | Reset type         | asynchronous                                   |
    | Reset State        | idle                                           |
    | Power Up State     | idle                                           |
    | Encoding           | auto                                           |
    | Implementation     | LUT                                            |
    -----------------------------------------------------------------------
    Summary:
	inferred 192 D-type flip-flop(s).
	inferred   3 Multiplexer(s).
	inferred   1 Finite State Machine(s).
Unit <data_stall> synthesized.

Synthesizing Unit <type_detect>.
    Related source file is "/net/user/r1/unix/okhaliq/Desktop/thesis_code/final code/32-bit versions/version_1/src/version_1_32_syn/type_detect.vhd".
    Found 2-bit register for signal <data_type>.
    Found 32-bit register for signal <temp_data>.
    Found 32-bit register for signal <temp_d1>.
    Found finite state machine <FSM_1> for signal <data_type>.
    -----------------------------------------------------------------------
    | States             | 3                                              |
    | Transitions        | 5                                              |
    | Inputs             | 2                                              |
    | Outputs            | 4                                              |
    | Clock              | aclk (rising_edge)                             |
    | Reset              | aresetn (negative)                             |
    | Reset type         | asynchronous                                   |
    | Reset State        | idle                                           |
    | Power Up State     | idle                                           |
    | Encoding           | auto                                           |
    | Implementation     | LUT                                            |
    -----------------------------------------------------------------------
    Summary:
	inferred  64 D-type flip-flop(s).
	inferred   1 Finite State Machine(s).
Unit <type_detect> synthesized.

Synthesizing Unit <transform_unit>.
    Related source file is "/net/user/r1/unix/okhaliq/Desktop/thesis_code/final code/32-bit versions/version_1/src/version_1_32_syn/transform_unit.vhd".
INFO:Xst:3210 - "/net/user/r1/unix/okhaliq/Desktop/thesis_code/final code/32-bit versions/version_1/src/version_1_32_syn/transform_unit.vhd" line 122: Output port <s_axis_input_tready> of the instance <i_denorm> is unconnected or connected to loadless signal.
    Found 3-bit register for signal <data_transform>.
    Found 1-bit register for signal <m_axis_output_wait_out>.
    Found 32-bit register for signal <norm_data>.
    Found 1-bit register for signal <denorm_valid>.
    Found 2-bit register for signal <denorm_flag>.
    Found 32-bit register for signal <denorm_data>.
    Found 32-bit register for signal <data_out>.
    Found 32-bit register for signal <data_d2>.
    Found finite state machine <FSM_2> for signal <data_transform>.
    -----------------------------------------------------------------------
    | States             | 5                                              |
    | Transitions        | 12                                             |
    | Inputs             | 6                                              |
    | Outputs            | 5                                              |
    | Clock              | aclk (rising_edge)                             |
    | Reset              | aresetn (negative)                             |
    | Reset type         | asynchronous                                   |
    | Reset State        | idle                                           |
    | Power Up State     | idle                                           |
    | Encoding           | auto                                           |
    | Implementation     | LUT                                            |
    -----------------------------------------------------------------------
    Summary:
	inferred 132 D-type flip-flop(s).
	inferred   3 Multiplexer(s).
	inferred   1 Finite State Machine(s).
Unit <transform_unit> synthesized.

Synthesizing Unit <denorm_unit>.
    Related source file is "/net/user/r1/unix/okhaliq/Desktop/thesis_code/final code/32-bit versions/version_1/src/version_1_32_syn/denorm_unit.vhd".
WARNING:Xst:647 - Input <s_axis_input_tdata<23:23>> is never used. This port will be preserved and left unconnected if it belongs to a top-level block or it belongs to a sub-block and the hierarchy of this sub-block is preserved.
    Found 1-bit register for signal <denorm_data>.
    Found 2-bit register for signal <flag_int>.
    Found 1-bit register for signal <valid_d1>.
    Found 1-bit register for signal <s_data>.
    Found 8-bit register for signal <exp_data>.
    Found 24-bit register for signal <man_data>.
    Summary:
	inferred  37 D-type flip-flop(s).
	inferred   1 Multiplexer(s).
Unit <denorm_unit> synthesized.

Synthesizing Unit <lzc_shifter>.
    Related source file is "/net/user/r1/unix/okhaliq/Desktop/thesis_code/final code/32-bit versions/version_1/src/version_1_32_syn/lzc_shifter.vhd".
WARNING:Xst:647 - Input <flag_in> is never used. This port will be preserved and left unconnected if it belongs to a top-level block or it belongs to a sub-block and the hierarchy of this sub-block is preserved.
    Found 4-bit register for signal <shift_data>.
    Found 1-bit register for signal <s_data>.
    Found 8-bit register for signal <exp_data1>.
    Found 24-bit register for signal <level5>.
    Found 24-bit register for signal <level4_d1>.
    Found 24-bit register for signal <level3_d1>.
    Found 24-bit register for signal <level2_d1>.
    Found 24-bit register for signal <level1_d1>.
    Found 32-bit register for signal <temp_data>.
INFO:Xst:1799 - State a_64 is never reached in FSM <shift_data>.
INFO:Xst:1799 - State b_64 is never reached in FSM <shift_data>.
INFO:Xst:1799 - State c_64 is never reached in FSM <shift_data>.
INFO:Xst:1799 - State d_64 is never reached in FSM <shift_data>.
INFO:Xst:1799 - State e_64 is never reached in FSM <shift_data>.
INFO:Xst:1799 - State f_64 is never reached in FSM <shift_data>.
INFO:Xst:1799 - State g_64 is never reached in FSM <shift_data>.
    Found finite state machine <FSM_3> for signal <shift_data>.
    -----------------------------------------------------------------------
    | States             | 15                                             |
    | Transitions        | 10                                             |
    | Inputs             | 2                                              |
    | Outputs            | 6                                              |
    | Clock              | aclk (rising_edge)                             |
    | Reset              | aresetn (negative)                             |
    | Reset type         | asynchronous                                   |
    | Reset State        | idle                                           |
    | Power Up State     | idle                                           |
    | Encoding           | auto                                           |
    | Implementation     | LUT                                            |
    -----------------------------------------------------------------------
    Found 8-bit subtractor for signal <exp_out1> created at line 59.
    Summary:
	inferred   1 Adder/Subtractor(s).
	inferred 161 D-type flip-flop(s).
	inferred   5 Multiplexer(s).
	inferred   1 Finite State Machine(s).
Unit <lzc_shifter> synthesized.

Synthesizing Unit <data_extend>.
    Related source file is "/net/user/r1/unix/okhaliq/Desktop/thesis_code/final code/32-bit versions/version_1/src/version_1_32_syn/data_extend.vhd".
    Found 2-bit register for signal <ext_data>.
    Found 32-bit register for signal <data_in>.
    Found 34-bit register for signal <temp_data>.
    Found 34-bit register for signal <temp_d1>.
    Found finite state machine <FSM_4> for signal <ext_data>.
    -----------------------------------------------------------------------
    | States             | 4                                              |
    | Transitions        | 6                                              |
    | Inputs             | 2                                              |
    | Outputs            | 4                                              |
    | Clock              | aclk (rising_edge)                             |
    | Reset              | aresetn (negative)                             |
    | Reset type         | asynchronous                                   |
    | Reset State        | idle                                           |
    | Power Up State     | idle                                           |
    | Encoding           | auto                                           |
    | Implementation     | LUT                                            |
    -----------------------------------------------------------------------
    Summary:
	inferred 100 D-type flip-flop(s).
	inferred   3 Multiplexer(s).
	inferred   1 Finite State Machine(s).
Unit <data_extend> synthesized.

Synthesizing Unit <fifo>.
    Related source file is "/net/user/r1/unix/okhaliq/Desktop/thesis_code/final code/32-bit versions/version_1/src/version_1_32_syn/fifo.vhd".
WARNING:Xst:647 - Input <aresetn> is never used. This port will be preserved and left unconnected if it belongs to a top-level block or it belongs to a sub-block and the hierarchy of this sub-block is preserved.
    Summary:
	no macro.
Unit <fifo> synthesized.

Synthesizing Unit <valid_buffer>.
    Related source file is "/net/user/r1/unix/okhaliq/Desktop/thesis_code/final code/32-bit versions/version_1/src/version_1_32_syn/fifo.vhd".
    Found 1-bit register for signal <output>.
    Summary:
	inferred   1 D-type flip-flop(s).
Unit <valid_buffer> synthesized.

Synthesizing Unit <float_multiply>.
    Related source file is "/net/user/r1/unix/okhaliq/Desktop/thesis_code/final code/32-bit versions/version_1/src/version_1_32_syn/float_multiply.vhd".
    Found 1-bit register for signal <sign_d2>.
    Found 10-bit register for signal <expSum_d1>.
    Found 2-bit register for signal <exc_d1>.
    Found 2-bit register for signal <exc_d2>.
    Found 1-bit register for signal <sign_d1>.
    Found 10-bit adder for signal <expSumPreSub> created at line 521.
    Found 10-bit adder for signal <expPostNorm> created at line 544.
    Found 10-bit subtractor for signal <expSum> created at line 491.
    Found 16x2-bit Read Only RAM for signal <exc>
    Found 4x2-bit Read Only RAM for signal <excPostNorm>
    Summary:
	inferred   2 RAM(s).
	inferred   3 Adder/Subtractor(s).
	inferred  16 D-type flip-flop(s).
	inferred   2 Multiplexer(s).
Unit <float_multiply> synthesized.

Synthesizing Unit <IntMultiplier_UsingDSP_24_24_48_unsigned_uid4>.
    Related source file is "/net/user/r1/unix/okhaliq/Desktop/thesis_code/final code/32-bit versions/version_1/src/version_1_32_syn/float_multiply.vhd".
    Found 1-bit register for signal <heap_bh6_w46_0_d1>.
    Found 1-bit register for signal <heap_bh6_w45_0_d1>.
    Found 1-bit register for signal <heap_bh6_w44_0_d1>.
    Found 1-bit register for signal <heap_bh6_w43_0_d1>.
    Found 1-bit register for signal <heap_bh6_w42_0_d1>.
    Found 1-bit register for signal <heap_bh6_w41_0_d1>.
    Found 1-bit register for signal <heap_bh6_w40_0_d1>.
    Found 1-bit register for signal <heap_bh6_w39_0_d1>.
    Found 1-bit register for signal <heap_bh6_w38_0_d1>.
    Found 1-bit register for signal <heap_bh6_w37_0_d1>.
    Found 1-bit register for signal <heap_bh6_w36_0_d1>.
    Found 1-bit register for signal <heap_bh6_w35_0_d1>.
    Found 1-bit register for signal <heap_bh6_w34_0_d1>.
    Found 1-bit register for signal <heap_bh6_w33_0_d1>.
    Found 1-bit register for signal <heap_bh6_w32_0_d1>.
    Found 1-bit register for signal <heap_bh6_w31_0_d1>.
    Found 1-bit register for signal <heap_bh6_w30_0_d1>.
    Found 1-bit register for signal <heap_bh6_w29_0_d1>.
    Found 1-bit register for signal <heap_bh6_w28_0_d1>.
    Found 1-bit register for signal <heap_bh6_w27_0_d1>.
    Found 1-bit register for signal <heap_bh6_w26_0_d1>.
    Found 1-bit register for signal <heap_bh6_w25_0_d1>.
    Found 1-bit register for signal <heap_bh6_w24_0_d1>.
    Found 1-bit register for signal <heap_bh6_w23_0_d1>.
    Found 1-bit register for signal <heap_bh6_w22_0_d1>.
    Found 1-bit register for signal <heap_bh6_w21_0_d1>.
    Found 1-bit register for signal <heap_bh6_w20_0_d1>.
    Found 1-bit register for signal <heap_bh6_w19_0_d1>.
    Found 1-bit register for signal <heap_bh6_w18_0_d1>.
    Found 1-bit register for signal <heap_bh6_w17_0_d1>.
    Found 1-bit register for signal <heap_bh6_w16_0_d1>.
    Found 1-bit register for signal <heap_bh6_w15_0_d1>.
    Found 1-bit register for signal <heap_bh6_w14_0_d1>.
    Found 1-bit register for signal <heap_bh6_w13_0_d1>.
    Found 1-bit register for signal <heap_bh6_w12_0_d1>.
    Found 1-bit register for signal <heap_bh6_w11_0_d1>.
    Found 1-bit register for signal <heap_bh6_w10_0_d1>.
    Found 1-bit register for signal <heap_bh6_w9_0_d1>.
    Found 1-bit register for signal <heap_bh6_w8_0_d1>.
    Found 1-bit register for signal <heap_bh6_w7_0_d1>.
    Found 1-bit register for signal <heap_bh6_w30_1_d1>.
    Found 1-bit register for signal <heap_bh6_w29_1_d1>.
    Found 1-bit register for signal <heap_bh6_w28_1_d1>.
    Found 1-bit register for signal <heap_bh6_w27_1_d1>.
    Found 1-bit register for signal <heap_bh6_w26_1_d1>.
    Found 1-bit register for signal <heap_bh6_w25_1_d1>.
    Found 1-bit register for signal <heap_bh6_w24_1_d1>.
    Found 1-bit register for signal <heap_bh6_w23_1_d1>.
    Found 1-bit register for signal <heap_bh6_w22_1_d1>.
    Found 1-bit register for signal <heap_bh6_w21_1_d1>.
    Found 1-bit register for signal <heap_bh6_w20_1_d1>.
    Found 1-bit register for signal <heap_bh6_w19_1_d1>.
    Found 1-bit register for signal <heap_bh6_w18_1_d1>.
    Found 1-bit register for signal <heap_bh6_w17_1_d1>.
    Found 1-bit register for signal <heap_bh6_w16_1_d1>.
    Found 1-bit register for signal <heap_bh6_w15_1_d1>.
    Found 1-bit register for signal <heap_bh6_w14_1_d1>.
    Found 1-bit register for signal <heap_bh6_w13_1_d1>.
    Found 1-bit register for signal <heap_bh6_w12_1_d1>.
    Found 1-bit register for signal <heap_bh6_w11_1_d1>.
    Found 1-bit register for signal <heap_bh6_w10_1_d1>.
    Found 1-bit register for signal <heap_bh6_w9_1_d1>.
    Found 1-bit register for signal <heap_bh6_w8_1_d1>.
    Found 1-bit register for signal <heap_bh6_w7_1_d1>.
    Found 1-bit register for signal <heap_bh6_w6_0_d1>.
    Found 1-bit register for signal <heap_bh6_w5_0_d1>.
    Found 1-bit register for signal <heap_bh6_w4_0_d1>.
    Found 1-bit register for signal <heap_bh6_w3_0_d1>.
    Found 1-bit register for signal <heap_bh6_w2_0_d1>.
    Found 1-bit register for signal <heap_bh6_w1_0_d1>.
    Found 1-bit register for signal <heap_bh6_w0_0_d1>.
    Found 1-bit register for signal <heap_bh6_w47_0_d1>.
    Found 24x17-bit multiplier for signal <DSP_bh6_ch0_0> created at line 306.
    Found 24x17-bit multiplier for signal <DSP_bh6_ch1_0> created at line 349.
    Summary:
	inferred   2 Multiplier(s).
	inferred  72 D-type flip-flop(s).
Unit <IntMultiplier_UsingDSP_24_24_48_unsigned_uid4> synthesized.

Synthesizing Unit <IntAdder_49_f300_uid17>.
    Related source file is "/net/user/r1/unix/okhaliq/Desktop/thesis_code/final code/32-bit versions/version_1/src/version_1_32_syn/float_multiply.vhd".
WARNING:Xst:647 - Input <clk> is never used. This port will be preserved and left unconnected if it belongs to a top-level block or it belongs to a sub-block and the hierarchy of this sub-block is preserved.
WARNING:Xst:647 - Input <rst> is never used. This port will be preserved and left unconnected if it belongs to a top-level block or it belongs to a sub-block and the hierarchy of this sub-block is preserved.
    Found 49-bit adder for signal <R> created at line 95.
    Summary:
	inferred   1 Adder/Subtractor(s).
Unit <IntAdder_49_f300_uid17> synthesized.

Synthesizing Unit <IntAdder_33_f300_uid25>.
    Related source file is "/net/user/r1/unix/okhaliq/Desktop/thesis_code/final code/32-bit versions/version_1/src/version_1_32_syn/float_multiply.vhd".
WARNING:Xst:647 - Input <rst> is never used. This port will be preserved and left unconnected if it belongs to a top-level block or it belongs to a sub-block and the hierarchy of this sub-block is preserved.
    Found 1-bit register for signal <Cin_d1>.
    Found 33-bit register for signal <X_d1>.
    Found 33-bit adder for signal <R> created at line 425.
    WARNING:Xst:2404 -  FFs/Latches <Y_d1<32:0>> (without init value) have a constant value of 0 in block <IntAdder_33_f300_uid25>.
    Summary:
	inferred   1 Adder/Subtractor(s).
	inferred  34 D-type flip-flop(s).
Unit <IntAdder_33_f300_uid25> synthesized.

Synthesizing Unit <data_downsize>.
    Related source file is "/net/user/r1/unix/okhaliq/Desktop/thesis_code/final code/32-bit versions/version_1/src/version_1_32_syn/data_downsize.vhd".
    Found 2-bit register for signal <down_data>.
    Found 34-bit register for signal <data_in>.
    Found 32-bit register for signal <temp_data>.
    Found 32-bit register for signal <temp_d1>.
    Found finite state machine <FSM_5> for signal <down_data>.
    -----------------------------------------------------------------------
    | States             | 4                                              |
    | Transitions        | 6                                              |
    | Inputs             | 2                                              |
    | Outputs            | 4                                              |
    | Clock              | aclk (rising_edge)                             |
    | Reset              | aresetn (negative)                             |
    | Reset type         | asynchronous                                   |
    | Reset State        | idle                                           |
    | Power Up State     | idle                                           |
    | Encoding           | auto                                           |
    | Implementation     | LUT                                            |
    -----------------------------------------------------------------------
    Summary:
	inferred  98 D-type flip-flop(s).
	inferred   3 Multiplexer(s).
	inferred   1 Finite State Machine(s).
Unit <data_downsize> synthesized.

=========================================================================
HDL Synthesis Report

Macro Statistics
# RAMs                                                 : 2
 16x2-bit single-port Read Only RAM                    : 1
 4x2-bit single-port Read Only RAM                     : 1
# Multipliers                                          : 2
 24x17-bit multiplier                                  : 2
# Adders/Subtractors                                   : 7
 10-bit adder                                          : 2
 10-bit subtractor                                     : 1
 33-bit adder                                          : 1
 49-bit adder                                          : 1
 8-bit subtractor                                      : 2
# Registers                                            : 102
 1-bit register                                        : 48
 10-bit register                                       : 1
 2-bit register                                        : 6
 24-bit register                                       : 12
 32-bit register                                       : 24
 33-bit register                                       : 1
 34-bit register                                       : 5
 41-bit register                                       : 1
 8-bit register                                        : 4
# Multiplexers                                         : 32
 1-bit 2-to-1 multiplexer                              : 6
 2-bit 2-to-1 multiplexer                              : 5
 23-bit 2-to-1 multiplexer                             : 6
 24-bit 2-to-1 multiplexer                             : 8
 32-bit 2-to-1 multiplexer                             : 5
 48-bit 2-to-1 multiplexer                             : 1
 8-bit 2-to-1 multiplexer                              : 1
# FSMs                                                 : 10
# Xors                                                 : 1
 1-bit xor2                                            : 1

=========================================================================

=========================================================================
*                       Advanced HDL Synthesis                          *
=========================================================================

WARNING:Xst:1710 - FF/Latch <level5_23> (without init value) has a constant value of 0 in block <i_lzc>. This FF/Latch will be trimmed during the optimization process.
WARNING:Xst:1710 - FF/Latch <man_data_23> (without init value) has a constant value of 0 in block <i_denorm>. This FF/Latch will be trimmed during the optimization process.
WARNING:Xst:1710 - FF/Latch <denorm_flag_1> (without init value) has a constant value of 1 in block <i_transform>. This FF/Latch will be trimmed during the optimization process.
WARNING:Xst:1710 - FF/Latch <level5_23> (without init value) has a constant value of 0 in block <i_lzc>. This FF/Latch will be trimmed during the optimization process.
WARNING:Xst:1710 - FF/Latch <man_data_23> (without init value) has a constant value of 0 in block <i_denorm>. This FF/Latch will be trimmed during the optimization process.
WARNING:Xst:1710 - FF/Latch <denorm_flag_1> (without init value) has a constant value of 1 in block <i_trans2>. This FF/Latch will be trimmed during the optimization process.
WARNING:Xst:2677 - Node <denorm_data_23> of sequential type is unconnected in block <i_transform>.
WARNING:Xst:2677 - Node <denorm_data_23> of sequential type is unconnected in block <i_trans2>.
WARNING:Xst:2404 -  FFs/Latches <man_data<23:23>> (without init value) have a constant value of 0 in block <denorm_unit>.

Synthesizing (advanced) Unit <float_multiply>.
	Found pipelined multiplier on signal <SignificandMultiplication/DSP_bh6_ch0_0>:
		- 1 pipeline level(s) found in a register connected to the multiplier macro output.
		Pushing register(s) into the multiplier macro.
INFO:Xst:3231 - The small RAM <Mram_excPostNorm> will be implemented on LUTs in order to maximize performance and save block RAM resources. If you want to force its implementation on block, use option/constraint ram_style.
    -----------------------------------------------------------------------
    | ram_type           | Distributed                         |          |
    -----------------------------------------------------------------------
    | Port A                                                              |
    |     aspect ratio   | 4-word x 2-bit                      |          |
    |     weA            | connected to signal <GND>           | high     |
    |     addrA          | connected to signal <expSigPostRound<32:31>> |          |
    |     diA            | connected to signal <GND>           |          |
    |     doA            | connected to signal <excPostNorm>   |          |
    -----------------------------------------------------------------------
INFO:Xst:3231 - The small RAM <Mram_exc> will be implemented on LUTs in order to maximize performance and save block RAM resources. If you want to force its implementation on block, use option/constraint ram_style.
    -----------------------------------------------------------------------
    | ram_type           | Distributed                         |          |
    -----------------------------------------------------------------------
    | Port A                                                              |
    |     aspect ratio   | 16-word x 2-bit                     |          |
    |     weA            | connected to signal <GND>           | high     |
    |     addrA          | connected to signal <(X<33:32>,Y<33:32>)> |          |
    |     diA            | connected to signal <GND>           |          |
    |     doA            | connected to signal <exc>           |          |
    -----------------------------------------------------------------------
INFO:Xst:2385 - HDL ADVISOR - You can improve the performance of the multiplier SignificandMultiplication/Mmult_DSP_bh6_ch0_0 by adding 1 register level(s).
Unit <float_multiply> synthesized (advanced).

=========================================================================
Advanced HDL Synthesis Report

Macro Statistics
# RAMs                                                 : 2
 16x2-bit single-port distributed Read Only RAM        : 1
 4x2-bit single-port distributed Read Only RAM         : 1
# Multipliers                                          : 2
 24x17-bit multiplier                                  : 1
 24x17-bit registered multiplier                       : 1
# Adders/Subtractors                                   : 7
 10-bit adder                                          : 2
 10-bit subtractor                                     : 1
 33-bit adder                                          : 1
 49-bit adder                                          : 1
 8-bit subtractor                                      : 2
# Registers                                            : 1359
 Flip-Flops                                            : 1359
# Multiplexers                                         : 137
 1-bit 2-to-1 multiplexer                              : 116
 2-bit 2-to-1 multiplexer                              : 4
 23-bit 2-to-1 multiplexer                             : 4
 24-bit 2-to-1 multiplexer                             : 8
 32-bit 2-to-1 multiplexer                             : 3
 48-bit 2-to-1 multiplexer                             : 1
 8-bit 2-to-1 multiplexer                              : 1
# FSMs                                                 : 10
# Xors                                                 : 1
 1-bit xor2                                            : 1

=========================================================================

=========================================================================
*                         Low Level Synthesis                           *
=========================================================================
WARNING:Xst:1710 - FF/Latch <level5_23> (without init value) has a constant value of 0 in block <lzc_shifter>. This FF/Latch will be trimmed during the optimization process.
Analyzing FSM <MFsm> for best encoding.
Optimizing FSM <i_datastall/FSM_0> on signal <stall_data[1:3]> with user encoding.
--------------------
 State  | Encoding
--------------------
 idle   | 000
 pro_a  | 001
 pro_b  | 010
 both   | 011
 noforw | 100
 forw   | 101
--------------------
Analyzing FSM <MFsm> for best encoding.
Optimizing FSM <i_detect_1/FSM_1> on signal <data_type[1:2]> with user encoding.
Optimizing FSM <i_detect_2/FSM_1> on signal <data_type[1:2]> with user encoding.
--------------------
 State  | Encoding
--------------------
 idle   | 00
 noforw | 01
 forw   | 10
--------------------
Analyzing FSM <MFsm> for best encoding.
Optimizing FSM <i_transform/FSM_2> on signal <data_transform[1:3]> with user encoding.
Optimizing FSM <i_trans2/FSM_2> on signal <data_transform[1:3]> with user encoding.
-------------------
 State | Encoding
-------------------
 idle  | 000
 norm  | 001
 subn  | 010
 sb_1  | 011
 forw  | 100
-------------------
Analyzing FSM <MFsm> for best encoding.
Optimizing FSM <i_transform/i_denorm/i_lzc/FSM_3> on signal <shift_data[1:8]> with one-hot encoding.
Optimizing FSM <i_trans2/i_denorm/i_lzc/FSM_3> on signal <shift_data[1:8]> with one-hot encoding.
-------------------
 State | Encoding
-------------------
 idle  | 00000001
 a_32  | 00000010
 a_64  | unreached
 b_32  | 00000100
 b_64  | unreached
 c_32  | 00001000
 c_64  | unreached
 d_32  | 00010000
 d_64  | unreached
 e_32  | 00100000
 e_64  | unreached
 f_32  | 01000000
 f_64  | unreached
 g_64  | unreached
 forw  | 10000000
-------------------
Analyzing FSM <MFsm> for best encoding.
Optimizing FSM <i_extend_1/FSM_4> on signal <ext_data[1:2]> with user encoding.
Optimizing FSM <i_extend_2/FSM_4> on signal <ext_data[1:2]> with user encoding.
--------------------
 State  | Encoding
--------------------
 idle   | 00
 extn   | 01
 noforw | 10
 forw   | 11
--------------------
Analyzing FSM <MFsm> for best encoding.
Optimizing FSM <i_downsize/FSM_5> on signal <down_data[1:2]> with user encoding.
--------------------
 State  | Encoding
--------------------
 idle   | 00
 down   | 01
 noforw | 10
 forw   | 11
--------------------

Optimizing unit <IntAdder_33_f300_uid25> ...

Optimizing unit <top_level> ...

Optimizing unit <data_stall> ...

Optimizing unit <type_detect> ...

Optimizing unit <transform_unit> ...

Optimizing unit <denorm_unit> ...

Optimizing unit <lzc_shifter> ...

Optimizing unit <data_extend> ...

Optimizing unit <float_multiply> ...

Optimizing unit <data_downsize> ...
WARNING:Xst:1710 - FF/Latch <i_trans2/denorm_flag_1> (without init value) has a constant value of 1 in block <top_level>. This FF/Latch will be trimmed during the optimization process.
WARNING:Xst:1895 - Due to other FF/Latch trimming, FF/Latch <i_transform/denorm_flag_1> (without init value) has a constant value of 1 in block <top_level>. This FF/Latch will be trimmed during the optimization process.
WARNING:Xst:2677 - Node <i_trans2/denorm_data_23> of sequential type is unconnected in block <top_level>.
WARNING:Xst:2677 - Node <i_transform/denorm_data_23> of sequential type is unconnected in block <top_level>.
WARNING:Xst:2677 - Node <i_transform/i_denorm/flag_int_1> of sequential type is unconnected in block <top_level>.
WARNING:Xst:2677 - Node <i_transform/i_denorm/flag_int_0> of sequential type is unconnected in block <top_level>.
WARNING:Xst:2677 - Node <i_trans2/i_denorm/flag_int_1> of sequential type is unconnected in block <top_level>.
WARNING:Xst:2677 - Node <i_trans2/i_denorm/flag_int_0> of sequential type is unconnected in block <top_level>.
INFO:Xst:2261 - The FF/Latch <i_transform/i_denorm/exp_data_0> in Unit <top_level> is equivalent to the following FF/Latch, which will be removed : <i_transform/i_denorm/valid_d1> 
INFO:Xst:2261 - The FF/Latch <i_trans2/i_denorm/exp_data_0> in Unit <top_level> is equivalent to the following FF/Latch, which will be removed : <i_trans2/i_denorm/valid_d1> 

Mapping all equations...
Building and optimizing final netlist ...
Found area constraint ratio of 100 (+ 5) on block top_level, actual ratio is 1.

Final Macro Processing ...

=========================================================================
Final Register Report

Macro Statistics
# Registers                                            : 1305
 Flip-Flops                                            : 1305

=========================================================================

=========================================================================
*                           Partition Report                            *
=========================================================================

Partition Implementation Status
-------------------------------

  No Partitions were found in this design.

-------------------------------

=========================================================================
*                            Design Summary                             *
=========================================================================

Top Level Output File Name         : top_level.ngc

Primitive and Black Box Usage:
------------------------------
# BELS                             : 1096
#      GND                         : 1
#      INV                         : 7
#      LUT1                        : 47
#      LUT2                        : 80
#      LUT3                        : 513
#      LUT4                        : 97
#      LUT5                        : 61
#      LUT6                        : 109
#      MUXCY                       : 86
#      MUXF7                       : 4
#      VCC                         : 1
#      XORCY                       : 90
# FlipFlops/Latches                : 1305
#      FD                          : 58
#      FDC                         : 35
#      FDE                         : 1148
#      FDP                         : 2
#      FDRE                        : 62
# Clock Buffers                    : 1
#      BUFGP                       : 1
# IO Buffers                       : 103
#      IBUF                        : 68
#      OBUF                        : 35
# DSPs                             : 2
#      DSP48E1                     : 2

Device utilization summary:
---------------------------

Selected Device : 6vlx240tff1156-1 


Slice Logic Utilization: 
 Number of Slice Registers:            1305  out of  301440     0%  
 Number of Slice LUTs:                  914  out of  150720     0%  
    Number used as Logic:               914  out of  150720     0%  

Slice Logic Distribution: 
 Number of LUT Flip Flop pairs used:   1507
   Number with an unused Flip Flop:     202  out of   1507    13%  
   Number with an unused LUT:           593  out of   1507    39%  
   Number of fully used LUT-FF pairs:   712  out of   1507    47%  
   Number of unique control sets:        41

IO Utilization: 
 Number of IOs:                         104
 Number of bonded IOBs:                 104  out of    600    17%  

Specific Feature Utilization:
 Number of BUFG/BUFGCTRLs:                1  out of     32     3%  
 Number of DSP48E1s:                      2  out of    768     0%  

---------------------------
Partition Resource Summary:
---------------------------

  No Partitions were found in this design.

---------------------------


=========================================================================
Timing Report

NOTE: THESE TIMING NUMBERS ARE ONLY A SYNTHESIS ESTIMATE.
      FOR ACCURATE TIMING INFORMATION PLEASE REFER TO THE TRACE REPORT
      GENERATED AFTER PLACE-and-ROUTE.

Clock Information:
------------------
-----------------------------------+------------------------+-------+
Clock Signal                       | Clock buffer(FF name)  | Load  |
-----------------------------------+------------------------+-------+
aclk                               | BUFGP                  | 1307  |
-----------------------------------+------------------------+-------+

Asynchronous Control Signals Information:
----------------------------------------
No asynchronous control signals found in this design

Timing Summary:
---------------
Speed Grade: -1

   Minimum period: 3.326ns (Maximum Frequency: 300.687MHz)
   Minimum input arrival time before clock: 2.300ns
   Maximum output required time after clock: 1.593ns
   Maximum combinational path delay: No path found

Timing Details:
---------------
All values displayed in nanoseconds (ns)

=========================================================================
Timing constraint: Default period analysis for Clock 'aclk'
  Clock period: 3.326ns (frequency: 300.687MHz)
  Total number of paths / destination ports: 19954 / 2584
-------------------------------------------------------------------------
Delay:               3.326ns (Levels of Logic = 3)
  Source:            i_detect_2/temp_data_12 (FF)
  Destination:       i_trans2/norm_data_31 (FF)
  Source Clock:      aclk rising
  Destination Clock: aclk rising

  Data Path: i_detect_2/temp_data_12 to i_trans2/norm_data_31
                                Gate     Net
    Cell:in->out      fanout   Delay   Delay  Logical Name (Net Name)
    ----------------------------------------  ------------
     FDE:C->Q              2   0.375   0.781  i_detect_2/temp_data_12 (i_detect_2/temp_data_12)
     LUT5:I0->O            1   0.068   0.581  i_detect_2/exp_zero_man_zero_AND_5_o2 (i_detect_2/exp_zero_man_zero_AND_5_o1)
     LUT6:I3->O           35   0.068   0.570  i_detect_2/exp_zero_man_zero_AND_5_o5 (i_detect_2/exp_zero_man_zero_AND_5_o4)
     LUT4:I3->O           32   0.068   0.552  i_trans2/_n0123_inv1_cepot (i_trans2/_n0123_inv1_cepot)
     FDE:CE                    0.263          i_trans2/norm_data_0
    ----------------------------------------
    Total                      3.326ns (0.842ns logic, 2.484ns route)
                                       (25.3% logic, 74.7% route)

=========================================================================
Timing constraint: Default OFFSET IN BEFORE for Clock 'aclk'
  Total number of paths / destination ports: 1680 / 1451
-------------------------------------------------------------------------
Offset:              2.300ns (Levels of Logic = 4)
  Source:            aresetn (PAD)
  Destination:       i_trans2/denorm_data_31 (FF)
  Destination Clock: aclk rising

  Data Path: aresetn to i_trans2/denorm_data_31
                                Gate     Net
    Cell:in->out      fanout   Delay   Delay  Logical Name (Net Name)
    ----------------------------------------  ------------
     IBUF:I->O            50   0.003   0.931  aresetn_IBUF (aresetn_IBUF)
     LUT5:I0->O           32   0.068   0.734  i_trans2/_n0162_inv1_rstpot (i_trans2/_n0162_inv1_rstpot)
     LUT3:I0->O            1   0.068   0.417  i_trans2/denorm_data_0_dpot (i_trans2/denorm_data_0_dpot)
     LUT3:I2->O            1   0.068   0.000  i_trans2/denorm_data_0_dpot1 (i_trans2/denorm_data_0_dpot1)
     FDE:D                     0.011          i_trans2/denorm_data_0
    ----------------------------------------
    Total                      2.300ns (0.218ns logic, 2.082ns route)
                                       (9.5% logic, 90.5% route)

=========================================================================
Timing constraint: Default OFFSET OUT AFTER for Clock 'aclk'
  Total number of paths / destination ports: 40 / 35
-------------------------------------------------------------------------
Offset:              1.593ns (Levels of Logic = 2)
  Source:            i_datastall/stall_data_FSM_FFd2 (FF)
  Destination:       s_axis_input_tready1 (PAD)
  Source Clock:      aclk rising

  Data Path: i_datastall/stall_data_FSM_FFd2 to s_axis_input_tready1
                                Gate     Net
    Cell:in->out      fanout   Delay   Delay  Logical Name (Net Name)
    ----------------------------------------  ------------
     FDC:C->Q             71   0.375   0.742  i_datastall/stall_data_FSM_FFd2 (i_datastall/stall_data_FSM_FFd2)
     LUT3:I0->O            2   0.068   0.405  i_datastall/stall_data_FSM_FFd3-In11 (s_axis_input_tready1_OBUF)
     OBUF:I->O                 0.003          s_axis_input_tready1_OBUF (s_axis_input_tready1)
    ----------------------------------------
    Total                      1.593ns (0.446ns logic, 1.147ns route)
                                       (28.0% logic, 72.0% route)

=========================================================================

Cross Clock Domains Report:
--------------------------

Clock to Setup on destination clock aclk
---------------+---------+---------+---------+---------+
               | Src:Rise| Src:Fall| Src:Rise| Src:Fall|
Source Clock   |Dest:Rise|Dest:Rise|Dest:Fall|Dest:Fall|
---------------+---------+---------+---------+---------+
aclk           |    3.326|         |         |         |
---------------+---------+---------+---------+---------+

=========================================================================


Total REAL time to Xst completion: 10.00 secs
Total CPU time to Xst completion: 9.68 secs
 
--> 


Total memory usage is 428520 kilobytes

Number of errors   :    0 (   0 filtered)
Number of warnings :   29 (   0 filtered)
Number of infos    :   13 (   0 filtered)

